[50][25][30][100][75][150]
[25][30][50][75][100][150]
[30][25][75][150][100][50]
[150][100][75][50][30][25]
2
3
[50][100][75]
[50][25][30]
[50][25][15][5][20][30][27][40][100][75][150][200][300][400]
[5][15][20][25][27][30][40][50][75][100][150][200][300][400]
[5][20][15][27][40][30][25][75][400][300][200][150][100][50]
[400][300][200][150][100][75][50][40][30][27][25][20][15][5]
5
6
[50][25][30][40]

[50][25][30][27]
[50][25][15][20]

[50][100][150][200][300]
[50][20][27][40][75][150][200]
[20][27][40][50][75][150][200]
[40][27][20][200][150][75][50]
[200][150][75][50][40][27][20]
3
2
[50][20][27][40]
[50]

[50][75][150]

[50][75][150][200]
[50][27][45][51][150][200]
[27][45][50][51][150][200]
[45][27][200][150][51][50]
[200][150][51][50][45][27]
3
2
[50][51]

[50][27]




-1
0